c:\users\natal\onedrive\pulpit\snowboberoop\snowboberoop\x64\release\vc142.pdb
c:\users\natal\onedrive\pulpit\snowboberoop\snowboberoop\x64\release\visual.obj
c:\users\natal\onedrive\pulpit\snowboberoop\snowboberoop\x64\release\position.obj
c:\users\natal\onedrive\pulpit\snowboberoop\snowboberoop\x64\release\entitywithtexture.obj
c:\users\natal\onedrive\pulpit\snowboberoop\snowboberoop\x64\release\entity.obj
c:\users\natal\onedrive\pulpit\snowboberoop\snowboberoop\x64\release\collisioninfo.obj
c:\users\natal\onedrive\pulpit\snowboberoop\snowboberoop\x64\release\obstacle.obj
c:\users\natal\onedrive\pulpit\snowboberoop\snowboberoop\x64\release\snowboberoop.obj
c:\users\natal\onedrive\pulpit\snowboberoop\snowboberoop\x64\release\scorepoint.obj
c:\users\natal\onedrive\pulpit\snowboberoop\snowboberoop\x64\release\rail.obj
c:\users\natal\onedrive\pulpit\snowboberoop\snowboberoop\x64\release\gridstick.obj
c:\users\natal\onedrive\pulpit\snowboberoop\snowboberoop\x64\release\grid.obj
c:\users\natal\onedrive\pulpit\snowboberoop\snowboberoop\x64\release\box.obj
c:\users\natal\onedrive\pulpit\snowboberoop\snowboberoop\x64\release\background.obj
c:\users\natal\onedrive\pulpit\snowboberoop\snowboberoop\x64\release\util.obj
c:\users\natal\onedrive\pulpit\snowboberoop\snowboberoop\x64\release\resultbind.obj
c:\users\natal\onedrive\pulpit\snowboberoop\snowboberoop\x64\release\player.obj
c:\users\natal\onedrive\pulpit\snowboberoop\snowboberoop\x64\release\life.obj
c:\users\natal\onedrive\pulpit\snowboberoop\snowboberoop\x64\release\game.obj
c:\users\natal\onedrive\pulpit\snowboberoop\snowboberoop\x64\release\texturesmanager.obj
c:\users\natal\onedrive\pulpit\snowboberoop\snowboberoop\x64\release\constvalues.obj
c:\users\natal\onedrive\pulpit\snowboberoop\snowboberoop\x64\release\highscores.obj
c:\users\natal\onedrive\pulpit\snowboberoop\snowboberoop\x64\release\textbox.obj
c:\users\natal\onedrive\pulpit\snowboberoop\x64\release\snowboberoop.exe
c:\users\natal\onedrive\pulpit\snowboberoop\snowboberoop\x64\release\snowboberoop.ipdb
c:\users\natal\onedrive\pulpit\snowboberoop\snowboberoop\x64\release\snowboberoop.iobj
c:\users\natal\onedrive\pulpit\snowboberoop\x64\release\snowboberoop.pdb
c:\users\natal\onedrive\pulpit\snowboberoop\snowboberoop\x64\release\snowboberoop.tlog\cl.command.1.tlog
c:\users\natal\onedrive\pulpit\snowboberoop\snowboberoop\x64\release\snowboberoop.tlog\cl.read.1.tlog
c:\users\natal\onedrive\pulpit\snowboberoop\snowboberoop\x64\release\snowboberoop.tlog\cl.write.1.tlog
c:\users\natal\onedrive\pulpit\snowboberoop\snowboberoop\x64\release\snowboberoop.tlog\link.command.1.tlog
c:\users\natal\onedrive\pulpit\snowboberoop\snowboberoop\x64\release\snowboberoop.tlog\link.read.1.tlog
c:\users\natal\onedrive\pulpit\snowboberoop\snowboberoop\x64\release\snowboberoop.tlog\link.write.1.tlog
